This file contains any messages produced by compilers while
running configure, to aid debugging if configure makes a mistake.

It was created by configure, which was
generated by GNU Autoconf 2.68.  Invocation command line was

  $ ./configure 

## --------- ##
## Platform. ##
## --------- ##

hostname = Ultimate-Survivor
uname -m = x86_64
uname -r = 3.18.0-9-generic
uname -s = Linux
uname -v = #10-Ubuntu SMP Mon Jan 12 21:41:54 UTC 2015

/usr/bin/uname -p = unknown
/bin/uname -X     = unknown

/bin/arch              = unknown
/usr/bin/arch -k       = unknown
/usr/convex/getsysinfo = unknown
/usr/bin/hostinfo      = unknown
/bin/machine           = unknown
/usr/bin/oslevel       = unknown
/bin/universe          = unknown

PATH: /usr/local/sbin
PATH: /usr/local/bin
PATH: /usr/sbin
PATH: /usr/bin
PATH: /sbin
PATH: /bin
PATH: /usr/games
PATH: /usr/local/games


## ----------- ##
## Core tests. ##
## ----------- ##

configure:2488: checking for gcc
configure:2504: found /usr/bin/gcc
configure:2515: result: gcc
configure:2744: checking for C compiler version
configure:2753: gcc --version >&5
gcc (Ubuntu 4.8.4-2ubuntu1~14.04) 4.8.4
Copyright (C) 2013 Free Software Foundation, Inc.
This is free software; see the source for copying conditions.  There is NO
warranty; not even for MERCHANTABILITY or FITNESS FOR A PARTICULAR PURPOSE.

configure:2764: $? = 0
configure:2753: gcc -v >&5
Using built-in specs.
COLLECT_GCC=gcc
COLLECT_LTO_WRAPPER=/usr/lib/gcc/x86_64-linux-gnu/4.8/lto-wrapper
Target: x86_64-linux-gnu
Configured with: ../src/configure -v --with-pkgversion='Ubuntu 4.8.4-2ubuntu1~14.04' --with-bugurl=file:///usr/share/doc/gcc-4.8/README.Bugs --enable-languages=c,c++,java,go,d,fortran,objc,obj-c++ --prefix=/usr --program-suffix=-4.8 --enable-shared --enable-linker-build-id --libexecdir=/usr/lib --without-included-gettext --enable-threads=posix --with-gxx-include-dir=/usr/include/c++/4.8 --libdir=/usr/lib --enable-nls --with-sysroot=/ --enable-clocale=gnu --enable-libstdcxx-debug --enable-libstdcxx-time=yes --enable-gnu-unique-object --disable-libmudflap --enable-plugin --with-system-zlib --disable-browser-plugin --enable-java-awt=gtk --enable-gtk-cairo --with-java-home=/usr/lib/jvm/java-1.5.0-gcj-4.8-amd64/jre --enable-java-home --with-jvm-root-dir=/usr/lib/jvm/java-1.5.0-gcj-4.8-amd64 --with-jvm-jar-dir=/usr/lib/jvm-exports/java-1.5.0-gcj-4.8-amd64 --with-arch-directory=amd64 --with-ecj-jar=/usr/share/java/eclipse-ecj.jar --enable-objc-gc --enable-multiarch --disable-werror --with-arch-32=i686 --with-abi=m64 --with-multilib-list=m32,m64,mx32 --with-tune=generic --enable-checking=release --build=x86_64-linux-gnu --host=x86_64-linux-gnu --target=x86_64-linux-gnu
Thread model: posix
gcc version 4.8.4 (Ubuntu 4.8.4-2ubuntu1~14.04) 
configure:2764: $? = 0
configure:2753: gcc -V >&5
gcc: error: unrecognized command line option '-V'
gcc: fatal error: no input files
compilation terminated.
configure:2764: $? = 4
configure:2753: gcc -qversion >&5
gcc: error: unrecognized command line option '-qversion'
gcc: fatal error: no input files
compilation terminated.
configure:2764: $? = 4
configure:2784: checking whether the C compiler works
configure:2806: gcc    conftest.c  >&5
configure:2810: $? = 0
configure:2858: result: yes
configure:2861: checking for C compiler default output file name
configure:2863: result: a.out
configure:2869: checking for suffix of executables
configure:2876: gcc -o conftest    conftest.c  >&5
configure:2880: $? = 0
configure:2902: result: 
configure:2924: checking whether we are cross compiling
configure:2932: gcc -o conftest    conftest.c  >&5
configure:2936: $? = 0
configure:2943: ./conftest
configure:2947: $? = 0
configure:2962: result: no
configure:2967: checking for suffix of object files
configure:2989: gcc -c   conftest.c >&5
configure:2993: $? = 0
configure:3014: result: o
configure:3018: checking whether we are using the GNU C compiler
configure:3037: gcc -c   conftest.c >&5
configure:3037: $? = 0
configure:3046: result: yes
configure:3055: checking whether gcc accepts -g
configure:3075: gcc -c -g  conftest.c >&5
configure:3075: $? = 0
configure:3116: result: yes
configure:3133: checking for gcc option to accept ISO C89
configure:3197: gcc  -c -g -O2  conftest.c >&5
configure:3197: $? = 0
configure:3210: result: none needed
configure:3236: checking how to run the C preprocessor
configure:3267: gcc -E  conftest.c
configure:3267: $? = 0
configure:3281: gcc -E  conftest.c
conftest.c:9:28: fatal error: ac_nonexistent.h: No such file or directory
 #include <ac_nonexistent.h>
                            ^
compilation terminated.
configure:3281: $? = 1
configure: failed program was:
| /* confdefs.h */
| #define PACKAGE_NAME ""
| #define PACKAGE_TARNAME ""
| #define PACKAGE_VERSION ""
| #define PACKAGE_STRING ""
| #define PACKAGE_BUGREPORT ""
| #define PACKAGE_URL ""
| /* end confdefs.h.  */
| #include <ac_nonexistent.h>
configure:3306: result: gcc -E
configure:3326: gcc -E  conftest.c
configure:3326: $? = 0
configure:3340: gcc -E  conftest.c
conftest.c:9:28: fatal error: ac_nonexistent.h: No such file or directory
 #include <ac_nonexistent.h>
                            ^
compilation terminated.
configure:3340: $? = 1
configure: failed program was:
| /* confdefs.h */
| #define PACKAGE_NAME ""
| #define PACKAGE_TARNAME ""
| #define PACKAGE_VERSION ""
| #define PACKAGE_STRING ""
| #define PACKAGE_BUGREPORT ""
| #define PACKAGE_URL ""
| /* end confdefs.h.  */
| #include <ac_nonexistent.h>
configure:3369: checking for grep that handles long lines and -e
configure:3427: result: /bin/grep
configure:3432: checking for egrep
configure:3494: result: /bin/grep -E
configure:3499: checking for ANSI C header files
configure:3519: gcc -c -g -O2  conftest.c >&5
configure:3519: $? = 0
configure:3592: gcc -o conftest -g -O2   conftest.c  >&5
configure:3592: $? = 0
configure:3592: ./conftest
configure:3592: $? = 0
configure:3603: result: yes
configure:3713: checking build system type
configure:3727: result: x86_64-unknown-linux-gnu
configure:3747: checking host system type
configure:3760: result: x86_64-unknown-linux-gnu
configure:3780: checking target system type
configure:3793: result: x86_64-unknown-linux-gnu
configure:3869: checking for gcc
configure:3896: result: gcc
configure:4125: checking for C compiler version
configure:4134: gcc --version >&5
gcc (Ubuntu 4.8.4-2ubuntu1~14.04) 4.8.4
Copyright (C) 2013 Free Software Foundation, Inc.
This is free software; see the source for copying conditions.  There is NO
warranty; not even for MERCHANTABILITY or FITNESS FOR A PARTICULAR PURPOSE.

configure:4145: $? = 0
configure:4134: gcc -v >&5
Using built-in specs.
COLLECT_GCC=gcc
COLLECT_LTO_WRAPPER=/usr/lib/gcc/x86_64-linux-gnu/4.8/lto-wrapper
Target: x86_64-linux-gnu
Configured with: ../src/configure -v --with-pkgversion='Ubuntu 4.8.4-2ubuntu1~14.04' --with-bugurl=file:///usr/share/doc/gcc-4.8/README.Bugs --enable-languages=c,c++,java,go,d,fortran,objc,obj-c++ --prefix=/usr --program-suffix=-4.8 --enable-shared --enable-linker-build-id --libexecdir=/usr/lib --without-included-gettext --enable-threads=posix --with-gxx-include-dir=/usr/include/c++/4.8 --libdir=/usr/lib --enable-nls --with-sysroot=/ --enable-clocale=gnu --enable-libstdcxx-debug --enable-libstdcxx-time=yes --enable-gnu-unique-object --disable-libmudflap --enable-plugin --with-system-zlib --disable-browser-plugin --enable-java-awt=gtk --enable-gtk-cairo --with-java-home=/usr/lib/jvm/java-1.5.0-gcj-4.8-amd64/jre --enable-java-home --with-jvm-root-dir=/usr/lib/jvm/java-1.5.0-gcj-4.8-amd64 --with-jvm-jar-dir=/usr/lib/jvm-exports/java-1.5.0-gcj-4.8-amd64 --with-arch-directory=amd64 --with-ecj-jar=/usr/share/java/eclipse-ecj.jar --enable-objc-gc --enable-multiarch --disable-werror --with-arch-32=i686 --with-abi=m64 --with-multilib-list=m32,m64,mx32 --with-tune=generic --enable-checking=release --build=x86_64-linux-gnu --host=x86_64-linux-gnu --target=x86_64-linux-gnu
Thread model: posix
gcc version 4.8.4 (Ubuntu 4.8.4-2ubuntu1~14.04) 
configure:4145: $? = 0
configure:4134: gcc -V >&5
gcc: error: unrecognized command line option '-V'
gcc: fatal error: no input files
compilation terminated.
configure:4145: $? = 4
configure:4134: gcc -qversion >&5
gcc: error: unrecognized command line option '-qversion'
gcc: fatal error: no input files
compilation terminated.
configure:4145: $? = 4
configure:4149: checking whether we are using the GNU C compiler
configure:4177: result: yes
configure:4186: checking whether gcc accepts -g
configure:4247: result: yes
configure:4264: checking for gcc option to accept ISO C89
configure:4341: result: none needed
configure:4419: checking for g++
configure:4435: found /usr/bin/g++
configure:4446: result: g++
configure:4473: checking for C++ compiler version
configure:4482: g++ --version >&5
g++ (Ubuntu 4.8.4-2ubuntu1~14.04) 4.8.4
Copyright (C) 2013 Free Software Foundation, Inc.
This is free software; see the source for copying conditions.  There is NO
warranty; not even for MERCHANTABILITY or FITNESS FOR A PARTICULAR PURPOSE.

configure:4493: $? = 0
configure:4482: g++ -v >&5
Using built-in specs.
COLLECT_GCC=g++
COLLECT_LTO_WRAPPER=/usr/lib/gcc/x86_64-linux-gnu/4.8/lto-wrapper
Target: x86_64-linux-gnu
Configured with: ../src/configure -v --with-pkgversion='Ubuntu 4.8.4-2ubuntu1~14.04' --with-bugurl=file:///usr/share/doc/gcc-4.8/README.Bugs --enable-languages=c,c++,java,go,d,fortran,objc,obj-c++ --prefix=/usr --program-suffix=-4.8 --enable-shared --enable-linker-build-id --libexecdir=/usr/lib --without-included-gettext --enable-threads=posix --with-gxx-include-dir=/usr/include/c++/4.8 --libdir=/usr/lib --enable-nls --with-sysroot=/ --enable-clocale=gnu --enable-libstdcxx-debug --enable-libstdcxx-time=yes --enable-gnu-unique-object --disable-libmudflap --enable-plugin --with-system-zlib --disable-browser-plugin --enable-java-awt=gtk --enable-gtk-cairo --with-java-home=/usr/lib/jvm/java-1.5.0-gcj-4.8-amd64/jre --enable-java-home --with-jvm-root-dir=/usr/lib/jvm/java-1.5.0-gcj-4.8-amd64 --with-jvm-jar-dir=/usr/lib/jvm-exports/java-1.5.0-gcj-4.8-amd64 --with-arch-directory=amd64 --with-ecj-jar=/usr/share/java/eclipse-ecj.jar --enable-objc-gc --enable-multiarch --disable-werror --with-arch-32=i686 --with-abi=m64 --with-multilib-list=m32,m64,mx32 --with-tune=generic --enable-checking=release --build=x86_64-linux-gnu --host=x86_64-linux-gnu --target=x86_64-linux-gnu
Thread model: posix
gcc version 4.8.4 (Ubuntu 4.8.4-2ubuntu1~14.04) 
configure:4493: $? = 0
configure:4482: g++ -V >&5
g++: error: unrecognized command line option '-V'
g++: fatal error: no input files
compilation terminated.
configure:4493: $? = 4
configure:4482: g++ -qversion >&5
g++: error: unrecognized command line option '-qversion'
g++: fatal error: no input files
compilation terminated.
configure:4493: $? = 4
configure:4497: checking whether we are using the GNU C++ compiler
configure:4516: g++ -c   conftest.cpp >&5
configure:4516: $? = 0
configure:4525: result: yes
configure:4534: checking whether g++ accepts -g
configure:4554: g++ -c -g  conftest.cpp >&5
configure:4554: $? = 0
configure:4595: result: yes
configure:4618: checking for ANSI C header files
configure:4722: result: yes
configure:4735: checking for sys/types.h
configure:4735: gcc -c -g -O2  conftest.c >&5
configure:4735: $? = 0
configure:4735: result: yes
configure:4735: checking for sys/stat.h
configure:4735: gcc -c -g -O2  conftest.c >&5
configure:4735: $? = 0
configure:4735: result: yes
configure:4735: checking for stdlib.h
configure:4735: gcc -c -g -O2  conftest.c >&5
configure:4735: $? = 0
configure:4735: result: yes
configure:4735: checking for string.h
configure:4735: gcc -c -g -O2  conftest.c >&5
configure:4735: $? = 0
configure:4735: result: yes
configure:4735: checking for memory.h
configure:4735: gcc -c -g -O2  conftest.c >&5
configure:4735: $? = 0
configure:4735: result: yes
configure:4735: checking for strings.h
configure:4735: gcc -c -g -O2  conftest.c >&5
configure:4735: $? = 0
configure:4735: result: yes
configure:4735: checking for inttypes.h
configure:4735: gcc -c -g -O2  conftest.c >&5
configure:4735: $? = 0
configure:4735: result: yes
configure:4735: checking for stdint.h
configure:4735: gcc -c -g -O2  conftest.c >&5
configure:4735: $? = 0
configure:4735: result: yes
configure:4735: checking for unistd.h
configure:4735: gcc -c -g -O2  conftest.c >&5
configure:4735: $? = 0
configure:4735: result: yes
configure:4749: checking for string.h
configure:4749: result: yes
configure:4769: checking for main in -lXbsd
configure:4788: gcc -o conftest -g -O2   conftest.c -lXbsd   >&5
/usr/bin/ld: cannot find -lXbsd
collect2: error: ld returned 1 exit status
configure:4788: $? = 1
configure: failed program was:
| /* confdefs.h */
| #define PACKAGE_NAME ""
| #define PACKAGE_TARNAME ""
| #define PACKAGE_VERSION ""
| #define PACKAGE_STRING ""
| #define PACKAGE_BUGREPORT ""
| #define PACKAGE_URL ""
| #define STDC_HEADERS 1
| #define STDC_HEADERS 1
| #define HAVE_SYS_TYPES_H 1
| #define HAVE_SYS_STAT_H 1
| #define HAVE_STDLIB_H 1
| #define HAVE_STRING_H 1
| #define HAVE_MEMORY_H 1
| #define HAVE_STRINGS_H 1
| #define HAVE_INTTYPES_H 1
| #define HAVE_STDINT_H 1
| #define HAVE_UNISTD_H 1
| #define HAVE_STRING_H 1
| /* end confdefs.h.  */
| 
| 
| int
| main ()
| {
| return main ();
|   ;
|   return 0;
| }
configure:4797: result: no
configure:4803: checking for socket in -lsocket
configure:4828: gcc -o conftest -g -O2   conftest.c -lsocket   >&5
/usr/bin/ld: cannot find -lsocket
collect2: error: ld returned 1 exit status
configure:4828: $? = 1
configure: failed program was:
| /* confdefs.h */
| #define PACKAGE_NAME ""
| #define PACKAGE_TARNAME ""
| #define PACKAGE_VERSION ""
| #define PACKAGE_STRING ""
| #define PACKAGE_BUGREPORT ""
| #define PACKAGE_URL ""
| #define STDC_HEADERS 1
| #define STDC_HEADERS 1
| #define HAVE_SYS_TYPES_H 1
| #define HAVE_SYS_STAT_H 1
| #define HAVE_STDLIB_H 1
| #define HAVE_STRING_H 1
| #define HAVE_MEMORY_H 1
| #define HAVE_STRINGS_H 1
| #define HAVE_INTTYPES_H 1
| #define HAVE_STDINT_H 1
| #define HAVE_UNISTD_H 1
| #define HAVE_STRING_H 1
| /* end confdefs.h.  */
| 
| /* Override any GCC internal prototype to avoid an error.
|    Use char because int might match the return type of a GCC
|    builtin and then its argument prototype would still apply.  */
| #ifdef __cplusplus
| extern "C"
| #endif
| char socket ();
| int
| main ()
| {
| return socket ();
|   ;
|   return 0;
| }
configure:4837: result: no
configure:4843: checking for gethostbyname in -lnsl
configure:4868: gcc -o conftest -g -O2   conftest.c -lnsl   >&5
configure:4868: $? = 0
configure:4877: result: yes
configure:4883: checking for dcgettext in -lintl
configure:4908: gcc -o conftest -g -O2   conftest.c -lintl   >&5
conftest.c:28:6: warning: conflicting types for built-in function 'dcgettext' [enabled by default]
 char dcgettext ();
      ^
/usr/bin/ld: cannot find -lintl
collect2: error: ld returned 1 exit status
configure:4908: $? = 1
configure: failed program was:
| /* confdefs.h */
| #define PACKAGE_NAME ""
| #define PACKAGE_TARNAME ""
| #define PACKAGE_VERSION ""
| #define PACKAGE_STRING ""
| #define PACKAGE_BUGREPORT ""
| #define PACKAGE_URL ""
| #define STDC_HEADERS 1
| #define STDC_HEADERS 1
| #define HAVE_SYS_TYPES_H 1
| #define HAVE_SYS_STAT_H 1
| #define HAVE_STDLIB_H 1
| #define HAVE_STRING_H 1
| #define HAVE_MEMORY_H 1
| #define HAVE_STRINGS_H 1
| #define HAVE_INTTYPES_H 1
| #define HAVE_STDINT_H 1
| #define HAVE_UNISTD_H 1
| #define HAVE_STRING_H 1
| /* end confdefs.h.  */
| 
| /* Override any GCC internal prototype to avoid an error.
|    Use char because int might match the return type of a GCC
|    builtin and then its argument prototype would still apply.  */
| #ifdef __cplusplus
| extern "C"
| #endif
| char dcgettext ();
| int
| main ()
| {
| return dcgettext ();
|   ;
|   return 0;
| }
configure:4917: result: no
configure:4923: checking for getnodebyname in -ldnet_stub
configure:4948: gcc -o conftest -g -O2   conftest.c -ldnet_stub   >&5
/usr/bin/ld: cannot find -ldnet_stub
collect2: error: ld returned 1 exit status
configure:4948: $? = 1
configure: failed program was:
| /* confdefs.h */
| #define PACKAGE_NAME ""
| #define PACKAGE_TARNAME ""
| #define PACKAGE_VERSION ""
| #define PACKAGE_STRING ""
| #define PACKAGE_BUGREPORT ""
| #define PACKAGE_URL ""
| #define STDC_HEADERS 1
| #define STDC_HEADERS 1
| #define HAVE_SYS_TYPES_H 1
| #define HAVE_SYS_STAT_H 1
| #define HAVE_STDLIB_H 1
| #define HAVE_STRING_H 1
| #define HAVE_MEMORY_H 1
| #define HAVE_STRINGS_H 1
| #define HAVE_INTTYPES_H 1
| #define HAVE_STDINT_H 1
| #define HAVE_UNISTD_H 1
| #define HAVE_STRING_H 1
| /* end confdefs.h.  */
| 
| /* Override any GCC internal prototype to avoid an error.
|    Use char because int might match the return type of a GCC
|    builtin and then its argument prototype would still apply.  */
| #ifdef __cplusplus
| extern "C"
| #endif
| char getnodebyname ();
| int
| main ()
| {
| return getnodebyname ();
|   ;
|   return 0;
| }
configure:4957: result: no
configure:5003: checking that g++ can handle -O2
configure:5024: gcc -c -g -O2  conftest.c >&5
configure:5024: $? = 0
configure:5025: result: yes
configure:5289: checking for zlib.h
configure:5340: result: -I/usr/include
configure:5346: checking for libz1.2.3
configure:5389: result: no
configure:5488: gcc -E  conftest.c
configure:5488: $? = 0
configure:5514: checking for XOpenDisplay in -lX11
configure:5539: gcc -o conftest -g -O2   conftest.c -lX11   >&5
configure:5539: $? = 0
configure:5548: result: yes
configure:5574: checking for XShmAttach in -lXext
configure:5599: gcc -o conftest -g -O2   conftest.c -lXext -lX11  >&5
configure:5599: $? = 0
configure:5608: result: yes
configure:5854: checking for tcl.h
configure:5905: result: -I/usr/include/tcl8.5/tcl-private/generic
configure:5911: checking for tclInt.h
configure:5962: result: -I/usr/include/tcl8.5/tcl-private/generic
configure:5968: checking for libtcl8.6
configure:6011: result: no
configure:6036: checking for init.tcl
configure:6073: result: /usr/share/tcltk/tcl8.6
configure:6091: checking for http.tcl
configure:6128: result: /usr/share/tcltk/tcl8.6/http1.0
configure:6133: checking Tcl http.tcl library
configure:6137: result: yes
configure:6158: checking for tclsh8.6.1
configure:6191: result: no
configure:6158: checking for tclsh8.6
configure:6176: found /usr/bin/tclsh8.6
configure:6188: result: /usr/bin/tclsh8.6
configure:6218: error: Installation of tcl seems incomplete or can't be found automatically.
Please correct the problem by telling configure where tcl is
using the argument --with-tcl=/path/to/package
(perhaps after installing it),
or the package is not required, disable it with --with-tcl=no.

## ---------------- ##
## Cache variables. ##
## ---------------- ##

ac_cv_build=x86_64-unknown-linux-gnu
ac_cv_c_compiler_gnu=yes
ac_cv_cxx_compiler_gnu=yes
ac_cv_env_CCC_set=
ac_cv_env_CCC_value=
ac_cv_env_CC_set=
ac_cv_env_CC_value=
ac_cv_env_CFLAGS_set=
ac_cv_env_CFLAGS_value=
ac_cv_env_CPPFLAGS_set=
ac_cv_env_CPPFLAGS_value=
ac_cv_env_CPP_set=
ac_cv_env_CPP_value=
ac_cv_env_CXXFLAGS_set=
ac_cv_env_CXXFLAGS_value=
ac_cv_env_CXX_set=
ac_cv_env_CXX_value=
ac_cv_env_LDFLAGS_set=
ac_cv_env_LDFLAGS_value=
ac_cv_env_LIBS_set=
ac_cv_env_LIBS_value=
ac_cv_env_build_alias_set=
ac_cv_env_build_alias_value=
ac_cv_env_host_alias_set=
ac_cv_env_host_alias_value=
ac_cv_env_target_alias_set=
ac_cv_env_target_alias_value=
ac_cv_header_inttypes_h=yes
ac_cv_header_memory_h=yes
ac_cv_header_stdc=yes
ac_cv_header_stdint_h=yes
ac_cv_header_stdlib_h=yes
ac_cv_header_string_h=yes
ac_cv_header_strings_h=yes
ac_cv_header_sys_stat_h=yes
ac_cv_header_sys_types_h=yes
ac_cv_header_unistd_h=yes
ac_cv_host=x86_64-unknown-linux-gnu
ac_cv_lib_X11_XOpenDisplay=yes
ac_cv_lib_Xbsd_main=no
ac_cv_lib_Xext_XShmAttach=yes
ac_cv_lib_dnet_stub_getnodebyname=no
ac_cv_lib_intl_dcgettext=no
ac_cv_lib_nsl_gethostbyname=yes
ac_cv_lib_socket_socket=no
ac_cv_objext=o
ac_cv_path_EGREP='/bin/grep -E'
ac_cv_path_GREP=/bin/grep
ac_cv_path_V_TCLSH=/usr/bin/tclsh8.6
ac_cv_prog_CPP='gcc -E'
ac_cv_prog_ac_ct_CC=gcc
ac_cv_prog_ac_ct_CXX=g++
ac_cv_prog_cc_c89=
ac_cv_prog_cc_g=yes
ac_cv_prog_cxx_g=yes
ac_cv_target=x86_64-unknown-linux-gnu

## ----------------- ##
## Output variables. ##
## ----------------- ##

CC='gcc'
CFLAGS='-g -O2'
CPP='gcc -E'
CPPFLAGS=''
CXX='g++'
CXXFLAGS='-g -O2'
DEFS=''
ECHO_C=''
ECHO_N='-n'
ECHO_T=''
EGREP='/bin/grep -E'
EXEEXT=''
GREP='/bin/grep'
INSTALL_DATA=''
INSTALL_PROGRAM=''
INSTALL_SCRIPT=''
LDFLAGS=''
LIBOBJS=''
LIBS=''
LTLIBOBJS=''
OBJEXT='o'
PACKAGE_BUGREPORT=''
PACKAGE_NAME=''
PACKAGE_STRING=''
PACKAGE_TARNAME=''
PACKAGE_URL=''
PACKAGE_VERSION=''
PATH_SEPARATOR=':'
SHELL='/bin/bash'
V_ALL='nam'
V_AR='ar cr'
V_BROKEN_OBJ=''
V_CCOPT='-O2 -Wall -Wno-write-strings'
V_DEFINE=' -DNDEBUG'
V_DEFINES='-DHAVE_TCLINT_H -DHAVE_TCL_H -DHAVE_ZLIB_H '
V_INCLUDE=''
V_INCLUDES='-I/usr/include/tcl8.5/tcl-private/generic -I/usr/include/tcl8.5/tcl-private/generic -I/usr/include '
V_INCLUDE_X11=''
V_LIB=' -lnsl'
V_LIBRARY_TCL='/usr/share/tcltk/tcl8.6'
V_LIBRARY_TK=''
V_LIBS=''
V_LIB_OTCL=''
V_LIB_TCL=''
V_LIB_TCLCL=''
V_LIB_TK=''
V_LIB_X11='-lXext -lX11'
V_LSSCRIPT=''
V_NS_TCL_LIB_STL=''
V_OBJ=''
V_OBJ_CRYPT=''
V_RANLIB='ranlib'
V_SHELL=''
V_SIGRET='void'
V_STATIC=''
V_STLOBJ=''
V_TARCMD='tar cfh'
V_TAR_EXTRA=''
V_TAR_TARGET=''
V_TCL2CPP=''
V_TCLSH='/usr/bin/tclsh8.6'
V_TCL_LIBRARY_FILES='$(TCL_BASE_LIBRARY_FILES) /usr/share/tcltk/tcl8.6/http1.0/http.tcl'
V_TKDOSNAMES=''
ac_ct_CC='gcc'
ac_ct_CXX='g++'
bindir='${exec_prefix}/bin'
build='x86_64-unknown-linux-gnu'
build_alias=''
build_cpu='x86_64'
build_os='linux-gnu'
build_vendor='unknown'
datadir='${datarootdir}'
datarootdir='${prefix}/share'
docdir='${datarootdir}/doc/${PACKAGE}'
dvidir='${docdir}'
exec_prefix='NONE'
host='x86_64-unknown-linux-gnu'
host_alias=''
host_cpu='x86_64'
host_os='linux-gnu'
host_vendor='unknown'
htmldir='${docdir}'
includedir='${prefix}/include'
infodir='${datarootdir}/info'
libdir='${exec_prefix}/lib'
libexecdir='${exec_prefix}/libexec'
localedir='${datarootdir}/locale'
localstatedir='${prefix}/var'
mandir='${datarootdir}/man'
oldincludedir='/usr/include'
pdfdir='${docdir}'
prefix='NONE'
program_transform_name='s,x,x,'
psdir='${docdir}'
sbindir='${exec_prefix}/sbin'
sharedstatedir='${prefix}/com'
sysconfdir='${prefix}/etc'
target='x86_64-unknown-linux-gnu'
target_alias=''
target_cpu='x86_64'
target_os='linux-gnu'
target_vendor='unknown'

## ----------- ##
## confdefs.h. ##
## ----------- ##

/* confdefs.h */
#define PACKAGE_NAME ""
#define PACKAGE_TARNAME ""
#define PACKAGE_VERSION ""
#define PACKAGE_STRING ""
#define PACKAGE_BUGREPORT ""
#define PACKAGE_URL ""
#define STDC_HEADERS 1
#define STDC_HEADERS 1
#define HAVE_SYS_TYPES_H 1
#define HAVE_SYS_STAT_H 1
#define HAVE_STDLIB_H 1
#define HAVE_STRING_H 1
#define HAVE_MEMORY_H 1
#define HAVE_STRINGS_H 1
#define HAVE_INTTYPES_H 1
#define HAVE_STDINT_H 1
#define HAVE_UNISTD_H 1
#define HAVE_STRING_H 1
#define HAVE_ZLIB_H 1
#define HAVE_TCL_H 1
#define HAVE_TCLINT_H 1

configure: exit 1
